[debug] [2023-04-16T07:08:54.456Z] ----------------------------------------------------------------------
[debug] [2023-04-16T07:08:54.458Z] Command:       C:\Program Files\nodejs\node.exe C:\Users\sidvi\AppData\Roaming\npm\node_modules\firebase-tools\lib\bin\firebase.js init
[debug] [2023-04-16T07:08:54.459Z] CLI Version:   11.27.0
[debug] [2023-04-16T07:08:54.459Z] Platform:      win32
[debug] [2023-04-16T07:08:54.459Z] Node Version:  v18.14.1
[debug] [2023-04-16T07:08:54.460Z] Time:          Sun Apr 16 2023 12:38:54 GMT+0530 (India Standard Time)
[debug] [2023-04-16T07:08:54.461Z] ----------------------------------------------------------------------
[debug] 
[debug] [2023-04-16T07:08:54.538Z] > command requires scopes: ["email","openid","https://www.googleapis.com/auth/cloudplatformprojects.readonly","https://www.googleapis.com/auth/firebase","https://www.googleapis.com/auth/cloud-platform"]
[debug] [2023-04-16T07:08:54.539Z] > authorizing via signed-in user (scopeclub@mlrinstitutions.ac.in)
[info] 
     ######## #### ########  ######## ########     ###     ######  ########
     ##        ##  ##     ## ##       ##     ##  ##   ##  ##       ##
     ######    ##  ########  ######   ########  #########  ######  ######
     ##        ##  ##    ##  ##       ##     ## ##     ##       ## ##
     ##       #### ##     ## ######## ########  ##     ##  ######  ########

You're about to initialize a Firebase project in this directory:

  D:\Development\Scope Club\scope_website

Before we get started, keep in mind:

  * You are initializing within an existing Firebase project directory

[info] 
=== Account Setup
[info] 
[info] Which account do you want to use for this project? Choose an account or add a new one now
[info] 
[debug] [2023-04-16T07:09:03.065Z] setProjectAccount(D:\Development\Scope Club\scope_website, scopeclub@mlrinstitutions.ac.in)
[info] 
[info] +  Using account: scopeclub@mlrinstitutions.ac.in 
[info] 
=== Project Setup
[info] 
[info] First, let's associate this project directory with a Firebase project.
[info] You can create multiple project aliases by running firebase use --add, 
[info] but for now we'll just set up a default project.
[info] 
[debug] [2023-04-16T07:09:03.076Z] Using project from CLI flag: scopeclub-6604e
[debug] [2023-04-16T07:09:03.077Z] > refreshing access token with scopes: []
[debug] [2023-04-16T07:09:03.079Z] >>> [apiv2][query] POST https://www.googleapis.com/oauth2/v3/token [none]
[debug] [2023-04-16T07:09:03.079Z] >>> [apiv2][body] POST https://www.googleapis.com/oauth2/v3/token [omitted]
[debug] [2023-04-16T07:09:03.407Z] <<< [apiv2][status] POST https://www.googleapis.com/oauth2/v3/token 200
[debug] [2023-04-16T07:09:03.407Z] <<< [apiv2][body] POST https://www.googleapis.com/oauth2/v3/token [omitted]
[debug] [2023-04-16T07:09:03.436Z] >>> [apiv2][query] GET https://firebase.googleapis.com/v1beta1/projects/scopeclub-6604e [none]
[debug] [2023-04-16T07:09:03.985Z] <<< [apiv2][status] GET https://firebase.googleapis.com/v1beta1/projects/scopeclub-6604e 403
[debug] [2023-04-16T07:09:03.985Z] <<< [apiv2][body] GET https://firebase.googleapis.com/v1beta1/projects/scopeclub-6604e {"error":{"code":403,"message":"The caller does not have permission","status":"PERMISSION_DENIED"}}
[debug] [2023-04-16T07:09:03.986Z] HTTP Error: 403, The caller does not have permission
[debug] [2023-04-16T07:09:04.184Z] FirebaseError: HTTP Error: 403, The caller does not have permission
    at responseToError (C:\Users\sidvi\AppData\Roaming\npm\node_modules\firebase-tools\lib\responseToError.js:49:12)
    at RetryOperation._fn (C:\Users\sidvi\AppData\Roaming\npm\node_modules\firebase-tools\lib\apiv2.js:288:77)
    at process.processTicksAndRejections (node:internal/process/task_queues:95:5)
[error] 
[error] Error: Failed to get Firebase project scopeclub-6604e. Please make sure the project exists and your account has permission to access it.
